
> next-app@0.1.0 build
> next build

Γû▓ Next.js 16.1.6 (Turbopack)
- Environments: .env

  Creating an optimized production build ...
Γ£ô Compiled successfully in 10.0s
  Running TypeScript ...
  Collecting page data using 7 workers ...
Error [PrismaClientInitializationError]: `PrismaClient` needs to be constructed with a non-empty, valid `PrismaClientOptions`:

```
new PrismaClient({
  ...
})
```

or

```
constructor() {
  super({ ... });
}
```
          
    at module evaluation (C:\Users\soumya.gupta\Desktop\cold_email_project_2\next-app\.next\server\chunks\[root-of-the-server]__bc6cd2e2._.js:1:1232)
    at instantiateModule (C:\Users\soumya.gupta\Desktop\cold_email_project_2\next-app\.next\server\chunks\[turbopack]_runtime.js:740:9)
    at getOrInstantiateModuleFromParent (C:\Users\soumya.gupta\Desktop\cold_email_project_2\next-app\.next\server\chunks\[turbopack]_runtime.js:763:12)
    at Context.esmImport [as i] (C:\Users\soumya.gupta\Desktop\cold_email_project_2\next-app\.next\server\chunks\[turbopack]_runtime.js:228:20)
    at module evaluation (C:\Users\soumya.gupta\Desktop\cold_email_project_2\next-app\.next\server\chunks\[root-of-the-server]__bc6cd2e2._.js:1:2378)
    at instantiateModule (C:\Users\soumya.gupta\Desktop\cold_email_project_2\next-app\.next\server\chunks\[turbopack]_runtime.js:740:9)
    at instantiateRuntimeModule (C:\Users\soumya.gupta\Desktop\cold_email_project_2\next-app\.next\server\chunks\[turbopack]_runtime.js:768:12)
    at getOrInstantiateRuntimeModule (C:\Users\soumya.gupta\Desktop\cold_email_project_2\next-app\.next\server\chunks\[turbopack]_runtime.js:781:12)
    at Object.m (C:\Users\soumya.gupta\Desktop\cold_email_project_2\next-app\.next\server\chunks\[turbopack]_runtime.js:790:18) {
  clientVersion: '7.4.1',
  errorCode: undefined,
  retryable: undefined
}

> Build error occurred
Error: Failed to collect page data for /api/campaigns/followup
    at ignore-listed frames {
  type: 'Error'
}
